PLINK v1.90b3v 64-bit (15 Jul 2015)
Options in effect:
  --bfile /rsrch6/home/biostatistics/cwu18/shared/1000G/1000G.AFR.ALLSNP.QC.CHR4
  --extract /rsrch6/home/biostatistics/cwu18/PWAS-cis/BLISS-software/weights/AFR_SNP.txt
  --make-bed
  --out /rsrch6/home/biostatistics/cwu18/PWAS-cis/BLISS-software/1000G/1000G.AFR.usedSNP.QC.CHR4

Hostname: ldragon1
Working directory: /rsrch6/home/biostatistics/cwu18/PWAS-cis/BLISS-software/weights
Start time: Mon Oct  2 15:50:49 2023

Random number seed: 1696279849
192022 MB RAM detected; reserving 96011 MB for main workspace.
1206202 variants loaded from .bim file.
661 people (0 males, 0 females, 661 ambiguous) loaded from .fam.
Ambiguous sex IDs written to
/rsrch6/home/biostatistics/cwu18/PWAS-cis/BLISS-software/1000G/1000G.AFR.usedSNP.QC.CHR4.nosex
.
--extract: 53039 variants remaining.
Using 1 thread (no multithreaded calculations invoked).
Before main variant filters, 661 founders and 0 nonfounders present.
Calculating allele frequencies... done.
Total genotyping rate is 0.999945.
53039 variants and 661 people pass filters and QC.
Note: No phenotypes present.
--make-bed to
/rsrch6/home/biostatistics/cwu18/PWAS-cis/BLISS-software/1000G/1000G.AFR.usedSNP.QC.CHR4.bed
+
/rsrch6/home/biostatistics/cwu18/PWAS-cis/BLISS-software/1000G/1000G.AFR.usedSNP.QC.CHR4.bim
+
/rsrch6/home/biostatistics/cwu18/PWAS-cis/BLISS-software/1000G/1000G.AFR.usedSNP.QC.CHR4.fam
... done.

End time: Mon Oct  2 15:50:52 2023
