PLINK v1.90b3v 64-bit (15 Jul 2015)
Options in effect:
  --bfile /rsrch6/home/biostatistics/cwu18/shared/1000G/1000G.EAS.ALLSNP.QC.CHR12
  --extract /rsrch6/home/biostatistics/cwu18/PWAS-cis/BLISS-software/weights/Asian_SNP.txt
  --make-bed
  --out /rsrch6/home/biostatistics/cwu18/PWAS-cis/BLISS-software/1000G/1000G.EAS.usedSNP.QC.CHR12

Hostname: ldragon1
Working directory: /rsrch6/home/biostatistics/cwu18/PWAS-cis/BLISS-software/weights
Start time: Mon Oct  2 15:51:24 2023

Random number seed: 1696279884
192022 MB RAM detected; reserving 96011 MB for main workspace.
414561 variants loaded from .bim file.
504 people (0 males, 0 females, 504 ambiguous) loaded from .fam.
Ambiguous sex IDs written to
/rsrch6/home/biostatistics/cwu18/PWAS-cis/BLISS-software/1000G/1000G.EAS.usedSNP.QC.CHR12.nosex
.
--extract: 2681 variants remaining.
Using 1 thread (no multithreaded calculations invoked).
Before main variant filters, 504 founders and 0 nonfounders present.
Calculating allele frequencies... done.
Total genotyping rate is 0.999999.
2681 variants and 504 people pass filters and QC.
Note: No phenotypes present.
--make-bed to
/rsrch6/home/biostatistics/cwu18/PWAS-cis/BLISS-software/1000G/1000G.EAS.usedSNP.QC.CHR12.bed
+
/rsrch6/home/biostatistics/cwu18/PWAS-cis/BLISS-software/1000G/1000G.EAS.usedSNP.QC.CHR12.bim
+
/rsrch6/home/biostatistics/cwu18/PWAS-cis/BLISS-software/1000G/1000G.EAS.usedSNP.QC.CHR12.fam
... done.

End time: Mon Oct  2 15:51:25 2023
