PLINK v1.90b3v 64-bit (15 Jul 2015)
Options in effect:
  --bfile /rsrch6/home/biostatistics/cwu18/shared/1000G/1000G.EUR.ALLSNP.QC.CHR1
  --extract /rsrch6/home/biostatistics/cwu18/PWAS-cis/BLISS-software/weights/EUR_SNP.txt
  --make-bed
  --out /rsrch6/home/biostatistics/cwu18/PWAS-cis/BLISS-software/1000G/1000G.EUR.usedSNP.QC.CHR1

Hostname: ldragon1
Working directory: /rsrch6/home/biostatistics/cwu18/PWAS-cis/BLISS-software/weights
Start time: Mon Oct  2 14:50:19 2023

Random number seed: 1696276219
192022 MB RAM detected; reserving 96011 MB for main workspace.
747668 variants loaded from .bim file.
503 people (0 males, 0 females, 503 ambiguous) loaded from .fam.
Ambiguous sex IDs written to
/rsrch6/home/biostatistics/cwu18/PWAS-cis/BLISS-software/1000G/1000G.EUR.usedSNP.QC.CHR1.nosex
.
--extract: 96117 variants remaining.
Using 1 thread (no multithreaded calculations invoked).
Before main variant filters, 503 founders and 0 nonfounders present.
Calculating allele frequencies... done.
Total genotyping rate is 0.999988.
96117 variants and 503 people pass filters and QC.
Note: No phenotypes present.
--make-bed to
/rsrch6/home/biostatistics/cwu18/PWAS-cis/BLISS-software/1000G/1000G.EUR.usedSNP.QC.CHR1.bed
+
/rsrch6/home/biostatistics/cwu18/PWAS-cis/BLISS-software/1000G/1000G.EUR.usedSNP.QC.CHR1.bim
+
/rsrch6/home/biostatistics/cwu18/PWAS-cis/BLISS-software/1000G/1000G.EUR.usedSNP.QC.CHR1.fam
... done.

End time: Mon Oct  2 14:50:19 2023
