PLINK v1.90b3v 64-bit (15 Jul 2015)
Options in effect:
  --bfile /rsrch6/home/biostatistics/cwu18/shared/1000G/1000G.EUR.ALLSNP.QC.CHR8
  --extract /rsrch6/home/biostatistics/cwu18/PWAS-cis/BLISS-software/weights/EUR_SNP.txt
  --make-bed
  --out /rsrch6/home/biostatistics/cwu18/PWAS-cis/BLISS-software/1000G/1000G.EUR.usedSNP.QC.CHR8

Hostname: ldragon1
Working directory: /rsrch6/home/biostatistics/cwu18/PWAS-cis/BLISS-software/weights
Start time: Mon Oct  2 14:50:24 2023

Random number seed: 1696276224
192022 MB RAM detected; reserving 96011 MB for main workspace.
526332 variants loaded from .bim file.
503 people (0 males, 0 females, 503 ambiguous) loaded from .fam.
Ambiguous sex IDs written to
/rsrch6/home/biostatistics/cwu18/PWAS-cis/BLISS-software/1000G/1000G.EUR.usedSNP.QC.CHR8.nosex
.
--extract: 48304 variants remaining.
Using 1 thread (no multithreaded calculations invoked).
Before main variant filters, 503 founders and 0 nonfounders present.
Calculating allele frequencies... done.
Total genotyping rate is 0.999993.
48304 variants and 503 people pass filters and QC.
Note: No phenotypes present.
--make-bed to
/rsrch6/home/biostatistics/cwu18/PWAS-cis/BLISS-software/1000G/1000G.EUR.usedSNP.QC.CHR8.bed
+
/rsrch6/home/biostatistics/cwu18/PWAS-cis/BLISS-software/1000G/1000G.EUR.usedSNP.QC.CHR8.bim
+
/rsrch6/home/biostatistics/cwu18/PWAS-cis/BLISS-software/1000G/1000G.EUR.usedSNP.QC.CHR8.fam
... done.

End time: Mon Oct  2 14:50:25 2023
